c:\users\lean1\desktop\motorgraficopg2\programaciondegraficos2_clase1\enginedll\debug\vc141.pdb
c:\users\lean1\desktop\motorgraficopg2\programaciondegraficos2_clase1\enginedll\debug\vc141.idb
c:\users\lean1\desktop\motorgraficopg2\programaciondegraficos2_clase1\enginedll\debug\time.obj
c:\users\lean1\desktop\motorgraficopg2\programaciondegraficos2_clase1\enginedll\debug\tilemap.obj
c:\users\lean1\desktop\motorgraficopg2\programaciondegraficos2_clase1\enginedll\debug\textureimporter.obj
c:\users\lean1\desktop\motorgraficopg2\programaciondegraficos2_clase1\enginedll\debug\square.obj
c:\users\lean1\desktop\motorgraficopg2\programaciondegraficos2_clase1\enginedll\debug\sprite.obj
c:\users\lean1\desktop\motorgraficopg2\programaciondegraficos2_clase1\enginedll\debug\shape.obj
c:\users\lean1\desktop\motorgraficopg2\programaciondegraficos2_clase1\enginedll\debug\renderer.obj
c:\users\lean1\desktop\motorgraficopg2\programaciondegraficos2_clase1\enginedll\debug\meshloader.obj
c:\users\lean1\desktop\motorgraficopg2\programaciondegraficos2_clase1\enginedll\debug\meshimporter.obj
c:\users\lean1\desktop\motorgraficopg2\programaciondegraficos2_clase1\enginedll\debug\material.obj
c:\users\lean1\desktop\motorgraficopg2\programaciondegraficos2_clase1\enginedll\debug\imputmanager.obj
c:\users\lean1\desktop\motorgraficopg2\programaciondegraficos2_clase1\enginedll\debug\gamebase.obj
c:\users\lean1\desktop\motorgraficopg2\programaciondegraficos2_clase1\enginedll\debug\entity.obj
c:\users\lean1\desktop\motorgraficopg2\programaciondegraficos2_clase1\enginedll\debug\collisionmanager.obj
c:\users\lean1\desktop\motorgraficopg2\programaciondegraficos2_clase1\enginedll\debug\collider.obj
c:\users\lean1\desktop\motorgraficopg2\programaciondegraficos2_clase1\enginedll\debug\circlecollider.obj
c:\users\lean1\desktop\motorgraficopg2\programaciondegraficos2_clase1\enginedll\debug\circle.obj
c:\users\lean1\desktop\motorgraficopg2\programaciondegraficos2_clase1\enginedll\debug\camera.obj
c:\users\lean1\desktop\motorgraficopg2\programaciondegraficos2_clase1\enginedll\debug\animation.obj
c:\users\lean1\desktop\motorgraficopg2\programaciondegraficos2_clase1\enginedll\debug\window.obj
c:\users\lean1\desktop\motorgraficopg2\programaciondegraficos2_clase1\enginedll\debug\triangle.obj
c:\users\lean1\desktop\motorgraficopg2\programaciondegraficos2_clase1\enginedll\debug\mesh.obj
c:\users\usuario\desktop\motorgraficopg2\programaciondegraficos2_clase1\enginedll\debug\vc141.pdb
c:\users\usuario\desktop\motorgraficopg2\programaciondegraficos2_clase1\enginedll\debug\vc141.idb
c:\users\usuario\desktop\motorgraficopg2\programaciondegraficos2_clase1\enginedll\debug\textureimporter.obj
c:\users\usuario\desktop\motorgraficopg2\programaciondegraficos2_clase1\enginedll\debug\renderer.obj
c:\users\usuario\desktop\motorgraficopg2\programaciondegraficos2_clase1\enginedll\debug\material.obj
c:\users\usuario\desktop\motorgraficopg2\programaciondegraficos2_clase1\enginedll\debug\imputmanager.obj
c:\users\usuario\desktop\motorgraficopg2\programaciondegraficos2_clase1\enginedll\debug\gamebase.obj
c:\users\usuario\desktop\motorgraficopg2\programaciondegraficos2_clase1\enginedll\debug\collider.obj
c:\users\usuario\desktop\motorgraficopg2\programaciondegraficos2_clase1\enginedll\debug\circlecollider.obj
c:\users\usuario\desktop\motorgraficopg2\programaciondegraficos2_clase1\enginedll\debug\animation.obj
c:\users\usuario\desktop\motorgraficopg2\programaciondegraficos2_clase1\enginedll\debug\window.obj
c:\users\usuario\desktop\motorgraficopg2\programaciondegraficos2_clase1\enginedll\debug\time.obj
c:\users\usuario\desktop\motorgraficopg2\programaciondegraficos2_clase1\enginedll\debug\meshimporter.obj
c:\users\lean1\desktop\motorgraficopg2\programaciondegraficos2_clase1\debug\enginedll.lib
c:\users\lean1\desktop\motorgraficopg2\programaciondegraficos2_clase1\debug\enginedll.exp
c:\users\lean1\desktop\motorgraficopg2\programaciondegraficos2_clase1\debug\enginedll.dll
c:\users\lean1\desktop\motorgraficopg2\programaciondegraficos2_clase1\debug\enginedll.ilk
c:\users\lean1\desktop\motorgraficopg2\programaciondegraficos2_clase1\debug\enginedll.pdb
c:\users\usuario\desktop\motorgraficopg2\programaciondegraficos2_clase1\enginedll\debug\camera.obj
c:\users\usuario\desktop\motorgraficopg2\programaciondegraficos2_clase1\enginedll\debug\circle.obj
c:\users\usuario\desktop\motorgraficopg2\programaciondegraficos2_clase1\enginedll\debug\collisionmanager.obj
c:\users\usuario\desktop\motorgraficopg2\programaciondegraficos2_clase1\enginedll\debug\entity.obj
c:\users\usuario\desktop\motorgraficopg2\programaciondegraficos2_clase1\enginedll\debug\mesh.obj
c:\users\usuario\desktop\motorgraficopg2\programaciondegraficos2_clase1\enginedll\debug\meshloader.obj
c:\users\usuario\desktop\motorgraficopg2\programaciondegraficos2_clase1\enginedll\debug\shape.obj
c:\users\usuario\desktop\motorgraficopg2\programaciondegraficos2_clase1\enginedll\debug\sprite.obj
c:\users\usuario\desktop\motorgraficopg2\programaciondegraficos2_clase1\enginedll\debug\square.obj
c:\users\usuario\desktop\motorgraficopg2\programaciondegraficos2_clase1\enginedll\debug\tilemap.obj
c:\users\usuario\desktop\motorgraficopg2\programaciondegraficos2_clase1\enginedll\debug\triangle.obj
c:\users\usuario\desktop\motorgraficopg2\programaciondegraficos2_clase1\debug\enginedll.pdb
c:\users\usuario\desktop\motorgraficopg2\programaciondegraficos2_clase1\debug\enginedll.dll
c:\users\usuario\desktop\motorgraficopg2\programaciondegraficos2_clase1\debug\enginedll.ilk
c:\users\usuario\desktop\motorgraficopg2\programaciondegraficos2_clase1\enginedll\debug\enginedll.tlog\cl.command.1.tlog
c:\users\usuario\desktop\motorgraficopg2\programaciondegraficos2_clase1\enginedll\debug\enginedll.tlog\cl.read.1.tlog
c:\users\usuario\desktop\motorgraficopg2\programaciondegraficos2_clase1\enginedll\debug\enginedll.tlog\cl.write.1.tlog
c:\users\usuario\desktop\motorgraficopg2\programaciondegraficos2_clase1\enginedll\debug\enginedll.tlog\enginedll.write.1u.tlog
c:\users\usuario\desktop\motorgraficopg2\programaciondegraficos2_clase1\enginedll\debug\enginedll.tlog\link.command.1.tlog
c:\users\usuario\desktop\motorgraficopg2\programaciondegraficos2_clase1\enginedll\debug\enginedll.tlog\link.delete.1.tlog
c:\users\usuario\desktop\motorgraficopg2\programaciondegraficos2_clase1\enginedll\debug\enginedll.tlog\link.read.1.tlog
c:\users\usuario\desktop\motorgraficopg2\programaciondegraficos2_clase1\enginedll\debug\enginedll.tlog\link.write.1.tlog
