c:\users\lean1\desktop\motorgraficopg2\programaciondegraficos2_clase1\programaciondegraficos2_clase1\debug\vc141.pdb
c:\users\lean1\desktop\motorgraficopg2\programaciondegraficos2_clase1\programaciondegraficos2_clase1\debug\vc141.idb
c:\users\lean1\desktop\motorgraficopg2\programaciondegraficos2_clase1\programaciondegraficos2_clase1\debug\staticobject.obj
c:\users\lean1\desktop\motorgraficopg2\programaciondegraficos2_clase1\programaciondegraficos2_clase1\debug\player.obj
c:\users\lean1\desktop\motorgraficopg2\programaciondegraficos2_clase1\programaciondegraficos2_clase1\debug\mobileobject.obj
c:\users\lean1\desktop\motorgraficopg2\programaciondegraficos2_clase1\programaciondegraficos2_clase1\debug\main.obj
c:\users\lean1\desktop\motorgraficopg2\programaciondegraficos2_clase1\programaciondegraficos2_clase1\debug\game.obj
c:\users\lean1\desktop\motorgraficopg2\programaciondegraficos2_clase1\programaciondegraficos2_clase1\debug\collectableitem.obj
c:\users\lean1\desktop\motorgraficopg2\programaciondegraficos2_clase1\debug\programaciondegraficos2_clase1.exe
c:\users\lean1\desktop\motorgraficopg2\programaciondegraficos2_clase1\debug\programaciondegraficos2_clase1.ilk
c:\users\lean1\desktop\motorgraficopg2\programaciondegraficos2_clase1\debug\programaciondegraficos2_clase1.pdb
c:\users\usuario\desktop\motorgraficopg2\programaciondegraficos2_clase1\programaciondegraficos2_clase1\debug\collectableitem.obj
c:\users\usuario\desktop\motorgraficopg2\programaciondegraficos2_clase1\programaciondegraficos2_clase1\debug\game.obj
c:\users\usuario\desktop\motorgraficopg2\programaciondegraficos2_clase1\programaciondegraficos2_clase1\debug\main.obj
c:\users\usuario\desktop\motorgraficopg2\programaciondegraficos2_clase1\programaciondegraficos2_clase1\debug\mobileobject.obj
c:\users\usuario\desktop\motorgraficopg2\programaciondegraficos2_clase1\programaciondegraficos2_clase1\debug\player.obj
c:\users\usuario\desktop\motorgraficopg2\programaciondegraficos2_clase1\programaciondegraficos2_clase1\debug\staticobject.obj
c:\users\usuario\desktop\motorgraficopg2\programaciondegraficos2_clase1\programaciondegraficos2_clase1\debug\vc141.idb
c:\users\usuario\desktop\motorgraficopg2\programaciondegraficos2_clase1\programaciondegraficos2_clase1\debug\vc141.pdb
c:\users\usuario\desktop\motorgraficopg2\programaciondegraficos2_clase1\debug\programaciondegraficos2_clase1.pdb
c:\users\usuario\desktop\motorgraficopg2\programaciondegraficos2_clase1\debug\programaciondegraficos2_clase1.exe
c:\users\usuario\desktop\motorgraficopg2\programaciondegraficos2_clase1\debug\programaciondegraficos2_clase1.ilk
c:\users\usuario\desktop\motorgraficopg2\programaciondegraficos2_clase1\programaciondegraficos2_clase1\debug\programa.a5586a08.tlog\cl.command.1.tlog
c:\users\usuario\desktop\motorgraficopg2\programaciondegraficos2_clase1\programaciondegraficos2_clase1\debug\programa.a5586a08.tlog\cl.read.1.tlog
c:\users\usuario\desktop\motorgraficopg2\programaciondegraficos2_clase1\programaciondegraficos2_clase1\debug\programa.a5586a08.tlog\cl.write.1.tlog
c:\users\usuario\desktop\motorgraficopg2\programaciondegraficos2_clase1\programaciondegraficos2_clase1\debug\programa.a5586a08.tlog\link.command.1.tlog
c:\users\usuario\desktop\motorgraficopg2\programaciondegraficos2_clase1\programaciondegraficos2_clase1\debug\programa.a5586a08.tlog\link.read.1.tlog
c:\users\usuario\desktop\motorgraficopg2\programaciondegraficos2_clase1\programaciondegraficos2_clase1\debug\programa.a5586a08.tlog\link.write.1.tlog
